Info: Starting: Create simulation model
Info: qsys-generate D:\intelFPGA\18.1\IIR_Filtr\Convers.qsys --simulation=VERILOG --allow-mixed-language-simulation --output-directory=D:\intelFPGA\18.1\IIR_Filtr\Convers\simulation --family="Cyclone V" --part=5CEBA2U15C7
Progress: Loading IIR_Filtr/Convers.qsys
Progress: Reading input file
Progress: Adding nios_custom_instr_floating_point_2_multi_0 [altera_nios_custom_instr_floating_point_2_multi 18.1]
Progress: Parameterizing module nios_custom_instr_floating_point_2_multi_0
Progress: Building connections
Progress: Parameterizing connections
Progress: Validating
Progress: Done reading input file
Info: Convers: Generating Convers "Convers" for SIM_VERILOG
Info: nios_custom_instr_floating_point_2_multi_0: "Convers" instantiated altera_nios_custom_instr_floating_point_2_multi "nios_custom_instr_floating_point_2_multi_0"
Info: Convers: Done "Convers" with 2 modules, 15 files
Info: qsys-generate succeeded.
Info: Finished: Create simulation model
Info: Starting: Create Modelsim Project.
Info: sim-script-gen --spd=D:\intelFPGA\18.1\IIR_Filtr\Convers\Convers.spd --output-directory=D:/intelFPGA/18.1/IIR_Filtr/Convers/simulation/ --use-relative-paths=true
Info: Doing: ip-make-simscript --spd=D:\intelFPGA\18.1\IIR_Filtr\Convers\Convers.spd --output-directory=D:/intelFPGA/18.1/IIR_Filtr/Convers/simulation/ --use-relative-paths=true
Info: Generating the following file(s) for MODELSIM simulator in D:/intelFPGA/18.1/IIR_Filtr/Convers/simulation/ directory:
Info: 	mentor/msim_setup.tcl
Info: Skipping VCS script generation since VHDL file $QUARTUS_INSTALL_DIR/eda/sim_lib/altera_syn_attributes.vhd is required for simulation
Info: Generating the following file(s) for VCSMX simulator in D:/intelFPGA/18.1/IIR_Filtr/Convers/simulation/ directory:
Info: 	synopsys/vcsmx/synopsys_sim.setup
Info: 	synopsys/vcsmx/vcsmx_setup.sh
Info: Generating the following file(s) for NCSIM simulator in D:/intelFPGA/18.1/IIR_Filtr/Convers/simulation/ directory:
Info: 	cadence/cds.lib
Info: 	cadence/hdl.var
Info: 	cadence/ncsim_setup.sh
Info: 	1 .cds.lib files in cadence/cds_libs/ directory
Info: Generating the following file(s) for RIVIERA simulator in D:/intelFPGA/18.1/IIR_Filtr/Convers/simulation/ directory:
Info: 	aldec/rivierapro_setup.tcl
Info: For information on how to simulate your IP, see the explanatory comments in the simulator-specific subdirectories under D:/intelFPGA/18.1/IIR_Filtr/Convers/simulation/.
Info: Regenerate these scripts whenever you make any change to any Quartus-generated IP in your project.
Info: Finished: Create Modelsim Project.
Info: Starting: Create block symbol file (.bsf)
Info: qsys-generate D:\intelFPGA\18.1\IIR_Filtr\Convers.qsys --block-symbol-file --output-directory=D:\intelFPGA\18.1\IIR_Filtr\Convers --family="Cyclone V" --part=5CEBA2U15C7
Progress: Loading IIR_Filtr/Convers.qsys
Progress: Reading input file
Progress: Adding nios_custom_instr_floating_point_2_multi_0 [altera_nios_custom_instr_floating_point_2_multi 18.1]
Progress: Parameterizing module nios_custom_instr_floating_point_2_multi_0
Progress: Building connections
Progress: Parameterizing connections
Progress: Validating
Progress: Done reading input file
Info: qsys-generate succeeded.
Info: Finished: Create block symbol file (.bsf)
Info: 
Info: Starting: Create HDL design files for synthesis
Info: qsys-generate D:\intelFPGA\18.1\IIR_Filtr\Convers.qsys --synthesis=VERILOG --greybox --output-directory=D:\intelFPGA\18.1\IIR_Filtr\Convers\synthesis --family="Cyclone V" --part=5CEBA2U15C7
Progress: Loading IIR_Filtr/Convers.qsys
Progress: Reading input file
Progress: Adding nios_custom_instr_floating_point_2_multi_0 [altera_nios_custom_instr_floating_point_2_multi 18.1]
Progress: Parameterizing module nios_custom_instr_floating_point_2_multi_0
Progress: Building connections
Progress: Parameterizing connections
Progress: Validating
Progress: Done reading input file
Info: Convers: Generating Convers "Convers" for QUARTUS_SYNTH
Info: nios_custom_instr_floating_point_2_multi_0: "Convers" instantiated altera_nios_custom_instr_floating_point_2_multi "nios_custom_instr_floating_point_2_multi_0"
Info: Convers: Done "Convers" with 2 modules, 15 files
Info: Generating third-party timing and resource estimation model ...
Info: Done generating third-party timing and resource estimation model.
Info: qsys-generate succeeded.
Info: Finished: Create HDL design files for synthesis
